# JRE version: Java(TM) SE Runtime Environment (17.0.15+9) (build 17.0.15+9-LTS-241)
# Java VM: Java HotSpot(TM) 64-Bit Server VM (17.0.15+9-LTS-241, mixed mode, sharing, tiered, compressed oops, compressed class ptrs, g1 gc, windows-amd64)
GC Precious Log:
 CPUs: 12 total, 12 available
 Memory: 7531M
 Large Page Support: Disabled
 NUMA Support: Disabled
 Compressed Oops: Enabled (32-bit)
 Heap Region Size: 1M
 Heap Min Capacity: 8M
 Heap Initial Capacity: 118M
 Heap Max Capacity: 2G
 Pre-touch: Disabled
 Parallel Workers: 10
 Concurrent Workers: 3
 Concurrent Refinement Workers: 10
 Periodic GC: Disabled
Heap:
 garbage-first heap   total 284672K, used 238872K [0x0000000080000000, 0x0000000100000000)
  region size 1024K, 2 young (2048K), 2 survivors (2048K)
 Metaspace       used 108520K, committed 109504K, reserved 1179648K
  class space    used 15201K, committed 15680K, reserved 1048576K
GC Heap History (20 events):
Event: 48.596 GC heap after
{Heap after GC invocations=54 (full 0):
 garbage-first heap   total 231424K, used 157383K [0x0000000080000000, 0x0000000100000000)
  region size 1024K, 1 young (1024K), 1 survivors (1024K)
 Metaspace       used 103796K, committed 104704K, reserved 1179648K
  class space    used 14331K, committed 14784K, reserved 1048576K
}
Event: 49.180 GC heap before
{Heap before GC invocations=54 (full 0):
 garbage-first heap   total 231424K, used 209607K [0x0000000080000000, 0x0000000100000000)
  region size 1024K, 32 young (32768K), 1 survivors (1024K)
 Metaspace       used 105336K, committed 106304K, reserved 1179648K
  class space    used 14554K, committed 15040K, reserved 1048576K
}
Event: 49.195 GC heap after
{Heap after GC invocations=55 (full 0):
 garbage-first heap   total 231424K, used 176117K [0x0000000080000000, 0x0000000100000000)
  region size 1024K, 5 young (5120K), 5 survivors (5120K)
 Metaspace       used 105336K, committed 106304K, reserved 1179648K
  class space    used 14554K, committed 15040K, reserved 1048576K
}
Event: 49.614 GC heap before
{Heap before GC invocations=55 (full 0):
 garbage-first heap   total 231424K, used 204789K [0x0000000080000000, 0x0000000100000000)
  region size 1024K, 23 young (23552K), 5 survivors (5120K)
 Metaspace       used 105668K, committed 106624K, reserved 1179648K
  class space    used 14596K, committed 15104K, reserved 1048576K
}
Event: 49.623 GC heap after
{Heap after GC invocations=56 (full 0):
 garbage-first heap   total 231424K, used 185360K [0x0000000080000000, 0x0000000100000000)
  region size 1024K, 3 young (3072K), 3 survivors (3072K)
 Metaspace       used 105668K, committed 106624K, reserved 1179648K
  class space    used 14596K, committed 15104K, reserved 1048576K
}
Event: 49.760 GC heap before
{Heap before GC invocations=56 (full 0):
 garbage-first heap   total 231424K, used 195600K [0x0000000080000000, 0x0000000100000000)
  region size 1024K, 14 young (14336K), 3 survivors (3072K)
 Metaspace       used 105670K, committed 106624K, reserved 1179648K
  class space    used 14596K, committed 15104K, reserved 1048576K
}
Event: 49.767 GC heap after
{Heap after GC invocations=57 (full 0):
 garbage-first heap   total 231424K, used 190078K [0x0000000080000000, 0x0000000100000000)
  region size 1024K, 2 young (2048K), 2 survivors (2048K)
 Metaspace       used 105670K, committed 106624K, reserved 1179648K
  class space    used 14596K, committed 15104K, reserved 1048576K
}
Event: 49.950 GC heap before
{Heap before GC invocations=57 (full 0):
 garbage-first heap   total 231424K, used 198270K [0x0000000080000000, 0x0000000100000000)
  region size 1024K, 11 young (11264K), 2 survivors (2048K)
 Metaspace       used 105671K, committed 106624K, reserved 1179648K
  class space    used 14596K, committed 15104K, reserved 1048576K
}
Event: 49.958 GC heap after
{Heap after GC invocations=58 (full 0):
 garbage-first heap   total 231424K, used 193587K [0x0000000080000000, 0x0000000100000000)
  region size 1024K, 2 young (2048K), 2 survivors (2048K)
 Metaspace       used 105671K, committed 106624K, reserved 1179648K
  class space    used 14596K, committed 15104K, reserved 1048576K
}
Event: 50.145 GC heap before
{Heap before GC invocations=58 (full 0):
 garbage-first heap   total 231424K, used 203827K [0x0000000080000000, 0x0000000100000000)
  region size 1024K, 11 young (11264K), 2 survivors (2048K)
 Metaspace       used 105671K, committed 106624K, reserved 1179648K
  class space    used 14596K, committed 15104K, reserved 1048576K
}
Event: 50.156 GC heap after
{Heap after GC invocations=59 (full 0):
 garbage-first heap   total 284672K, used 199526K [0x0000000080000000, 0x0000000100000000)
  region size 1024K, 2 young (2048K), 2 survivors (2048K)
 Metaspace       used 105671K, committed 106624K, reserved 1179648K
  class space    used 14596K, committed 15104K, reserved 1048576K
}
Event: 50.720 GC heap before
{Heap before GC invocations=59 (full 0):
 garbage-first heap   total 284672K, used 231270K [0x0000000080000000, 0x0000000100000000)
  region size 1024K, 31 young (31744K), 2 survivors (2048K)
 Metaspace       used 105671K, committed 106624K, reserved 1179648K
  class space    used 14596K, committed 15104K, reserved 1048576K
}
Event: 50.737 GC heap after
{Heap after GC invocations=60 (full 0):
 garbage-first heap   total 284672K, used 213059K [0x0000000080000000, 0x0000000100000000)
  region size 1024K, 4 young (4096K), 4 survivors (4096K)
 Metaspace       used 105671K, committed 106624K, reserved 1179648K
  class space    used 14596K, committed 15104K, reserved 1048576K
}
Event: 51.597 GC heap before
{Heap before GC invocations=60 (full 0):
 garbage-first heap   total 284672K, used 233539K [0x0000000080000000, 0x0000000100000000)
  region size 1024K, 25 young (25600K), 4 survivors (4096K)
 Metaspace       used 108300K, committed 109248K, reserved 1179648K
  class space    used 15193K, committed 15680K, reserved 1048576K
}
Event: 51.608 GC heap after
{Heap after GC invocations=61 (full 0):
 garbage-first heap   total 284672K, used 216927K [0x0000000080000000, 0x0000000100000000)
  region size 1024K, 3 young (3072K), 3 survivors (3072K)
 Metaspace       used 108300K, committed 109248K, reserved 1179648K
  class space    used 15193K, committed 15680K, reserved 1048576K
}
Event: 51.769 GC heap before
{Heap before GC invocations=61 (full 0):
 garbage-first heap   total 284672K, used 237407K [0x0000000080000000, 0x0000000100000000)
  region size 1024K, 23 young (23552K), 3 survivors (3072K)
 Metaspace       used 108484K, committed 109440K, reserved 1179648K
  class space    used 15201K, committed 15680K, reserved 1048576K
}
Event: 51.783 GC heap after
{Heap after GC invocations=62 (full 0):
 garbage-first heap   total 284672K, used 226304K [0x0000000080000000, 0x0000000100000000)
  region size 1024K, 3 young (3072K), 3 survivors (3072K)
 Metaspace       used 108484K, committed 109440K, reserved 1179648K
  class space    used 15201K, committed 15680K, reserved 1048576K
}
Event: 51.850 GC heap before
{Heap before GC invocations=62 (full 0):
 garbage-first heap   total 284672K, used 240640K [0x0000000080000000, 0x0000000100000000)
  region size 1024K, 17 young (17408K), 3 survivors (3072K)
 Metaspace       used 108512K, committed 109440K, reserved 1179648K
  class space    used 15201K, committed 15680K, reserved 1048576K
}
Event: 51.862 GC heap after
{Heap after GC invocations=63 (full 0):
 garbage-first heap   total 284672K, used 233627K [0x0000000080000000, 0x0000000100000000)
  region size 1024K, 3 young (3072K), 3 survivors (3072K)
 Metaspace       used 108512K, committed 109440K, reserved 1179648K
  class space    used 15201K, committed 15680K, reserved 1048576K
}
Event: 51.899 GC heap before
{Heap before GC invocations=63 (full 0):
 garbage-first heap   total 284672K, used 242843K [0x0000000080000000, 0x0000000100000000)
  region size 1024K, 13 young (13312K), 3 survivors (3072K)
 Metaspace       used 108520K, committed 109504K, reserved 1179648K
  class space    used 15201K, committed 15680K, reserved 1048576K
}

