# JRE version: Java(TM) SE Runtime Environment (17.0.15+9) (build 17.0.15+9-LTS-241)
# Java VM: Java HotSpot(TM) 64-Bit Server VM (17.0.15+9-LTS-241, mixed mode, sharing, tiered, compressed oops, compressed class ptrs, g1 gc, windows-amd64)
GC Precious Log:
 CPUs: 12 total, 12 available
 Memory: 7531M
 Large Page Support: Disabled
 NUMA Support: Disabled
 Compressed Oops: Enabled (32-bit)
 Heap Region Size: 1M
 Heap Min Capacity: 8M
 Heap Initial Capacity: 118M
 Heap Max Capacity: 2G
 Pre-touch: Disabled
 Parallel Workers: 10
 Concurrent Workers: 3
 Concurrent Refinement Workers: 10
 Periodic GC: Disabled
Heap:
 garbage-first heap   total 270336K, used 137072K [0x0000000080000000, 0x0000000100000000)
  region size 1024K, 2 young (2048K), 2 survivors (2048K)
 Metaspace       used 108185K, committed 109184K, reserved 1179648K
  class space    used 14550K, committed 15040K, reserved 1048576K
GC Heap History (20 events):
Event: 40.441 GC heap after
{Heap after GC invocations=42 (full 0):
 garbage-first heap   total 238592K, used 157308K [0x0000000080000000, 0x0000000100000000)
  region size 1024K, 2 young (2048K), 2 survivors (2048K)
 Metaspace       used 101079K, committed 102016K, reserved 1179648K
  class space    used 13938K, committed 14400K, reserved 1048576K
}
Event: 40.856 GC heap before
{Heap before GC invocations=42 (full 0):
 garbage-first heap   total 238592K, used 184956K [0x0000000080000000, 0x0000000100000000)
  region size 1024K, 16 young (16384K), 2 survivors (2048K)
 Metaspace       used 101312K, committed 102208K, reserved 1179648K
  class space    used 13953K, committed 14400K, reserved 1048576K
}
Event: 40.862 GC heap after
{Heap after GC invocations=43 (full 0):
 garbage-first heap   total 238592K, used 171503K [0x0000000080000000, 0x0000000100000000)
  region size 1024K, 5 young (5120K), 5 survivors (5120K)
 Metaspace       used 101312K, committed 102208K, reserved 1179648K
  class space    used 13953K, committed 14400K, reserved 1048576K
}
Event: 40.868 GC heap before
{Heap before GC invocations=43 (full 0):
 garbage-first heap   total 238592K, used 179695K [0x0000000080000000, 0x0000000100000000)
  region size 1024K, 6 young (6144K), 5 survivors (5120K)
 Metaspace       used 101312K, committed 102208K, reserved 1179648K
  class space    used 13953K, committed 14400K, reserved 1048576K
}
Event: 40.872 GC heap after
{Heap after GC invocations=44 (full 0):
 garbage-first heap   total 238592K, used 168996K [0x0000000080000000, 0x0000000100000000)
  region size 1024K, 1 young (1024K), 1 survivors (1024K)
 Metaspace       used 101312K, committed 102208K, reserved 1179648K
  class space    used 13953K, committed 14400K, reserved 1048576K
}
Event: 41.092 GC heap before
{Heap before GC invocations=44 (full 0):
 garbage-first heap   total 238592K, used 203812K [0x0000000080000000, 0x0000000100000000)
  region size 1024K, 31 young (31744K), 1 survivors (1024K)
 Metaspace       used 101705K, committed 102656K, reserved 1179648K
  class space    used 13982K, committed 14464K, reserved 1048576K
}
Event: 41.095 GC heap after
{Heap after GC invocations=45 (full 0):
 garbage-first heap   total 238592K, used 169766K [0x0000000080000000, 0x0000000100000000)
  region size 1024K, 4 young (4096K), 4 survivors (4096K)
 Metaspace       used 101705K, committed 102656K, reserved 1179648K
  class space    used 13982K, committed 14464K, reserved 1048576K
}
Event: 41.179 GC heap before
{Heap before GC invocations=45 (full 0):
 garbage-first heap   total 238592K, used 198438K [0x0000000080000000, 0x0000000100000000)
  region size 1024K, 33 young (33792K), 4 survivors (4096K)
 Metaspace       used 102283K, committed 103296K, reserved 1179648K
  class space    used 14041K, committed 14528K, reserved 1048576K
}
Event: 41.185 GC heap after
{Heap after GC invocations=46 (full 0):
 garbage-first heap   total 238592K, used 176751K [0x0000000080000000, 0x0000000100000000)
  region size 1024K, 5 young (5120K), 5 survivors (5120K)
 Metaspace       used 102283K, committed 103296K, reserved 1179648K
  class space    used 14041K, committed 14528K, reserved 1048576K
}
Event: 41.490 GC heap before
{Heap before GC invocations=47 (full 0):
 garbage-first heap   total 270336K, used 175727K [0x0000000080000000, 0x0000000100000000)
  region size 1024K, 28 young (28672K), 5 survivors (5120K)
 Metaspace       used 104151K, committed 105152K, reserved 1179648K
  class space    used 14217K, committed 14720K, reserved 1048576K
}
Event: 41.496 GC heap after
{Heap after GC invocations=48 (full 0):
 garbage-first heap   total 270336K, used 156103K [0x0000000080000000, 0x0000000100000000)
  region size 1024K, 3 young (3072K), 3 survivors (3072K)
 Metaspace       used 104151K, committed 105152K, reserved 1179648K
  class space    used 14217K, committed 14720K, reserved 1048576K
}
Event: 41.558 GC heap before
{Heap before GC invocations=48 (full 0):
 garbage-first heap   total 270336K, used 166343K [0x0000000080000000, 0x0000000100000000)
  region size 1024K, 13 young (13312K), 3 survivors (3072K)
 Metaspace       used 104765K, committed 105728K, reserved 1179648K
  class space    used 14286K, committed 14784K, reserved 1048576K
}
Event: 41.564 GC heap after
{Heap after GC invocations=49 (full 0):
 garbage-first heap   total 270336K, used 134642K [0x0000000080000000, 0x0000000100000000)
  region size 1024K, 2 young (2048K), 2 survivors (2048K)
 Metaspace       used 104765K, committed 105728K, reserved 1179648K
  class space    used 14286K, committed 14784K, reserved 1048576K
}
Event: 41.908 GC heap before
{Heap before GC invocations=49 (full 0):
 garbage-first heap   total 270336K, used 210418K [0x0000000080000000, 0x0000000100000000)
  region size 1024K, 76 young (77824K), 2 survivors (2048K)
 Metaspace       used 105441K, committed 106432K, reserved 1179648K
  class space    used 14331K, committed 14848K, reserved 1048576K
}
Event: 41.912 GC heap after
{Heap after GC invocations=50 (full 0):
 garbage-first heap   total 270336K, used 134902K [0x0000000080000000, 0x0000000100000000)
  region size 1024K, 2 young (2048K), 2 survivors (2048K)
 Metaspace       used 105441K, committed 106432K, reserved 1179648K
  class space    used 14331K, committed 14848K, reserved 1048576K
}
Event: 43.049 GC heap before
{Heap before GC invocations=51 (full 0):
 garbage-first heap   total 270336K, used 213750K [0x0000000080000000, 0x0000000100000000)
  region size 1024K, 80 young (81920K), 2 survivors (2048K)
 Metaspace       used 106205K, committed 107264K, reserved 1179648K
  class space    used 14388K, committed 14912K, reserved 1048576K
}
Event: 43.055 GC heap after
{Heap after GC invocations=52 (full 0):
 garbage-first heap   total 270336K, used 137898K [0x0000000080000000, 0x0000000100000000)
  region size 1024K, 5 young (5120K), 5 survivors (5120K)
 Metaspace       used 106205K, committed 107264K, reserved 1179648K
  class space    used 14388K, committed 14912K, reserved 1048576K
}
Event: 43.295 GC heap before
{Heap before GC invocations=52 (full 0):
 garbage-first heap   total 270336K, used 145066K [0x0000000080000000, 0x0000000100000000)
  region size 1024K, 13 young (13312K), 5 survivors (5120K)
 Metaspace       used 106214K, committed 107264K, reserved 1179648K
  class space    used 14388K, committed 14912K, reserved 1048576K
}
Event: 43.302 GC heap after
{Heap after GC invocations=53 (full 0):
 garbage-first heap   total 270336K, used 136421K [0x0000000080000000, 0x0000000100000000)
  region size 1024K, 1 young (1024K), 1 survivors (1024K)
 Metaspace       used 106214K, committed 107264K, reserved 1179648K
  class space    used 14388K, committed 14912K, reserved 1048576K
}
Event: 44.894 GC heap before
{Heap before GC invocations=53 (full 0):
 garbage-first heap   total 270336K, used 218341K [0x0000000080000000, 0x0000000100000000)
  region size 1024K, 82 young (83968K), 1 survivors (1024K)
 Metaspace       used 108185K, committed 109184K, reserved 1179648K
  class space    used 14550K, committed 15040K, reserved 1048576K
}

