# JRE version: Java(TM) SE Runtime Environment (17.0.15+9) (build 17.0.15+9-LTS-241)
# Java VM: Java HotSpot(TM) 64-Bit Server VM (17.0.15+9-LTS-241, mixed mode, sharing, tiered, compressed oops, compressed class ptrs, g1 gc, windows-amd64)
GC Precious Log:
 CPUs: 12 total, 12 available
 Memory: 7531M
 Large Page Support: Disabled
 NUMA Support: Disabled
 Compressed Oops: Enabled (32-bit)
 Heap Region Size: 1M
 Heap Min Capacity: 8M
 Heap Initial Capacity: 118M
 Heap Max Capacity: 2G
 Pre-touch: Disabled
 Parallel Workers: 10
 Concurrent Workers: 3
 Concurrent Refinement Workers: 10
 Periodic GC: Disabled
Heap:
 garbage-first heap   total 120832K, used 48726K [0x0000000080000000, 0x0000000100000000)
  region size 1024K, 37 young (37888K), 9 survivors (9216K)
 Metaspace       used 19630K, committed 19968K, reserved 1114112K
  class space    used 2867K, committed 3008K, reserved 1048576K
GC Heap History (8 events):
Event: 1.258 GC heap before
{Heap before GC invocations=0 (full 0):
 garbage-first heap   total 120832K, used 22528K [0x0000000080000000, 0x0000000100000000)
  region size 1024K, 23 young (23552K), 0 survivors (0K)
 Metaspace       used 1088K, committed 1216K, reserved 1114112K
  class space    used 74K, committed 128K, reserved 1048576K
}
Event: 1.271 GC heap after
{Heap after GC invocations=1 (full 0):
 garbage-first heap   total 120832K, used 2848K [0x0000000080000000, 0x0000000100000000)
  region size 1024K, 3 young (3072K), 3 survivors (3072K)
 Metaspace       used 1088K, committed 1216K, reserved 1114112K
  class space    used 74K, committed 128K, reserved 1048576K
}
Event: 3.278 GC heap before
{Heap before GC invocations=1 (full 0):
 garbage-first heap   total 120832K, used 39712K [0x0000000080000000, 0x0000000100000000)
  region size 1024K, 37 young (37888K), 3 survivors (3072K)
 Metaspace       used 4427K, committed 4608K, reserved 1114112K
  class space    used 549K, committed 640K, reserved 1048576K
}
Event: 3.291 GC heap after
{Heap after GC invocations=2 (full 0):
 garbage-first heap   total 120832K, used 10676K [0x0000000080000000, 0x0000000100000000)
  region size 1024K, 5 young (5120K), 5 survivors (5120K)
 Metaspace       used 4427K, committed 4608K, reserved 1114112K
  class space    used 549K, committed 640K, reserved 1048576K
}
Event: 4.478 GC heap before
{Heap before GC invocations=2 (full 0):
 garbage-first heap   total 120832K, used 57780K [0x0000000080000000, 0x0000000100000000)
  region size 1024K, 49 young (50176K), 5 survivors (5120K)
 Metaspace       used 4721K, committed 4928K, reserved 1114112K
  class space    used 597K, committed 704K, reserved 1048576K
}
Event: 4.491 GC heap after
{Heap after GC invocations=3 (full 0):
 garbage-first heap   total 120832K, used 16182K [0x0000000080000000, 0x0000000100000000)
  region size 1024K, 5 young (5120K), 5 survivors (5120K)
 Metaspace       used 4721K, committed 4928K, reserved 1114112K
  class space    used 597K, committed 704K, reserved 1048576K
}
Event: 7.223 GC heap before
{Heap before GC invocations=3 (full 0):
 garbage-first heap   total 120832K, used 81718K [0x0000000080000000, 0x0000000100000000)
  region size 1024K, 69 young (70656K), 5 survivors (5120K)
 Metaspace       used 16567K, committed 16896K, reserved 1114112K
  class space    used 2318K, committed 2496K, reserved 1048576K
}
Event: 7.233 GC heap after
{Heap after GC invocations=4 (full 0):
 garbage-first heap   total 120832K, used 21078K [0x0000000080000000, 0x0000000100000000)
  region size 1024K, 9 young (9216K), 9 survivors (9216K)
 Metaspace       used 16567K, committed 16896K, reserved 1114112K
  class space    used 2318K, committed 2496K, reserved 1048576K
}

