# JRE version: Java(TM) SE Runtime Environment (17.0.15+9) (build 17.0.15+9-LTS-241)
# Java VM: Java HotSpot(TM) 64-Bit Server VM (17.0.15+9-LTS-241, mixed mode, sharing, tiered, compressed oops, compressed class ptrs, g1 gc, windows-amd64)
GC Precious Log:
 CPUs: 12 total, 12 available
 Memory: 7531M
 Large Page Support: Disabled
 NUMA Support: Disabled
 Compressed Oops: Enabled (32-bit)
 Heap Region Size: 1M
 Heap Min Capacity: 8M
 Heap Initial Capacity: 118M
 Heap Max Capacity: 2G
 Pre-touch: Disabled
 Parallel Workers: 10
 Concurrent Workers: 3
 Concurrent Refinement Workers: 10
 Periodic GC: Disabled
Heap:
 garbage-first heap   total 378880K, used 276779K [0x0000000080000000, 0x0000000100000000)
  region size 1024K, 5 young (5120K), 5 survivors (5120K)
 Metaspace       used 126813K, committed 127808K, reserved 1179648K
  class space    used 16771K, committed 17280K, reserved 1048576K
GC Heap History (20 events):
Event: 34.783 GC heap after
{Heap after GC invocations=46 (full 0):
 garbage-first heap   total 274432K, used 154565K [0x0000000080000000, 0x0000000100000000)
  region size 1024K, 9 young (9216K), 9 survivors (9216K)
 Metaspace       used 107828K, committed 108736K, reserved 1179648K
  class space    used 14533K, committed 14976K, reserved 1048576K
}
Event: 35.684 GC heap before
{Heap before GC invocations=46 (full 0):
 garbage-first heap   total 274432K, used 188357K [0x0000000080000000, 0x0000000100000000)
  region size 1024K, 44 young (45056K), 9 survivors (9216K)
 Metaspace       used 109776K, committed 110656K, reserved 1179648K
  class space    used 14767K, committed 15232K, reserved 1048576K
}
Event: 35.690 GC heap after
{Heap after GC invocations=47 (full 0):
 garbage-first heap   total 274432K, used 154898K [0x0000000080000000, 0x0000000100000000)
  region size 1024K, 5 young (5120K), 5 survivors (5120K)
 Metaspace       used 109776K, committed 110656K, reserved 1179648K
  class space    used 14767K, committed 15232K, reserved 1048576K
}
Event: 46.687 GC heap before
{Heap before GC invocations=48 (full 0):
 garbage-first heap   total 274432K, used 220434K [0x0000000080000000, 0x0000000100000000)
  region size 1024K, 77 young (78848K), 5 survivors (5120K)
 Metaspace       used 119061K, committed 120128K, reserved 1179648K
  class space    used 15969K, committed 16512K, reserved 1048576K
}
Event: 46.697 GC heap after
{Heap after GC invocations=49 (full 0):
 garbage-first heap   total 274432K, used 153000K [0x0000000080000000, 0x0000000100000000)
  region size 1024K, 10 young (10240K), 10 survivors (10240K)
 Metaspace       used 119061K, committed 120128K, reserved 1179648K
  class space    used 15969K, committed 16512K, reserved 1048576K
}
Event: 46.716 GC heap before
{Heap before GC invocations=49 (full 0):
 garbage-first heap   total 274432K, used 156072K [0x0000000080000000, 0x0000000100000000)
  region size 1024K, 13 young (13312K), 10 survivors (10240K)
 Metaspace       used 119085K, committed 120128K, reserved 1179648K
  class space    used 15970K, committed 16512K, reserved 1048576K
}
Event: 46.724 GC heap after
{Heap after GC invocations=50 (full 0):
 garbage-first heap   total 274432K, used 147228K [0x0000000080000000, 0x0000000100000000)
  region size 1024K, 2 young (2048K), 2 survivors (2048K)
 Metaspace       used 119085K, committed 120128K, reserved 1179648K
  class space    used 15970K, committed 16512K, reserved 1048576K
}
Event: 48.279 GC heap before
{Heap before GC invocations=50 (full 0):
 garbage-first heap   total 274432K, used 226076K [0x0000000080000000, 0x0000000100000000)
  region size 1024K, 78 young (79872K), 2 survivors (2048K)
 Metaspace       used 123238K, committed 124288K, reserved 1179648K
  class space    used 16303K, committed 16832K, reserved 1048576K
}
Event: 48.297 GC heap after
{Heap after GC invocations=51 (full 0):
 garbage-first heap   total 274432K, used 183463K [0x0000000080000000, 0x0000000100000000)
  region size 1024K, 10 young (10240K), 10 survivors (10240K)
 Metaspace       used 123238K, committed 124288K, reserved 1179648K
  class space    used 16303K, committed 16832K, reserved 1048576K
}
Event: 48.406 GC heap before
{Heap before GC invocations=51 (full 0):
 garbage-first heap   total 274432K, used 210087K [0x0000000080000000, 0x0000000100000000)
  region size 1024K, 36 young (36864K), 10 survivors (10240K)
 Metaspace       used 123240K, committed 124288K, reserved 1179648K
  class space    used 16303K, committed 16832K, reserved 1048576K
}
Event: 48.424 GC heap after
{Heap after GC invocations=52 (full 0):
 garbage-first heap   total 274432K, used 210944K [0x0000000080000000, 0x0000000100000000)
  region size 1024K, 5 young (5120K), 5 survivors (5120K)
 Metaspace       used 123240K, committed 124288K, reserved 1179648K
  class space    used 16303K, committed 16832K, reserved 1048576K
}
Event: 48.431 GC heap before
{Heap before GC invocations=52 (full 0):
 garbage-first heap   total 274432K, used 211968K [0x0000000080000000, 0x0000000100000000)
  region size 1024K, 7 young (7168K), 5 survivors (5120K)
 Metaspace       used 123240K, committed 124288K, reserved 1179648K
  class space    used 16303K, committed 16832K, reserved 1048576K
}
Event: 48.437 GC heap after
{Heap after GC invocations=53 (full 0):
 garbage-first heap   total 274432K, used 215951K [0x0000000080000000, 0x0000000100000000)
  region size 1024K, 2 young (2048K), 2 survivors (2048K)
 Metaspace       used 123240K, committed 124288K, reserved 1179648K
  class space    used 16303K, committed 16832K, reserved 1048576K
}
Event: 48.651 GC heap before
{Heap before GC invocations=53 (full 0):
 garbage-first heap   total 378880K, used 228239K [0x0000000080000000, 0x0000000100000000)
  region size 1024K, 13 young (13312K), 2 survivors (2048K)
 Metaspace       used 123957K, committed 124992K, reserved 1179648K
  class space    used 16380K, committed 16896K, reserved 1048576K
}
Event: 48.656 GC heap after
{Heap after GC invocations=54 (full 0):
 garbage-first heap   total 378880K, used 219794K [0x0000000080000000, 0x0000000100000000)
  region size 1024K, 2 young (2048K), 2 survivors (2048K)
 Metaspace       used 123957K, committed 124992K, reserved 1179648K
  class space    used 16380K, committed 16896K, reserved 1048576K
}
Event: 49.393 GC heap before
{Heap before GC invocations=55 (full 0):
 garbage-first heap   total 378880K, used 261778K [0x0000000080000000, 0x0000000100000000)
  region size 1024K, 43 young (44032K), 2 survivors (2048K)
 Metaspace       used 126813K, committed 127808K, reserved 1179648K
  class space    used 16771K, committed 17280K, reserved 1048576K
}
Event: 49.403 GC heap after
{Heap after GC invocations=56 (full 0):
 garbage-first heap   total 378880K, used 231787K [0x0000000080000000, 0x0000000100000000)
  region size 1024K, 6 young (6144K), 6 survivors (6144K)
 Metaspace       used 126813K, committed 127808K, reserved 1179648K
  class space    used 16771K, committed 17280K, reserved 1048576K
}
Event: 49.448 GC heap before
{Heap before GC invocations=56 (full 0):
 garbage-first heap   total 378880K, used 244075K [0x0000000080000000, 0x0000000100000000)
  region size 1024K, 18 young (18432K), 6 survivors (6144K)
 Metaspace       used 126813K, committed 127808K, reserved 1179648K
  class space    used 16771K, committed 17280K, reserved 1048576K
}
Event: 49.458 GC heap after
{Heap after GC invocations=57 (full 0):
 garbage-first heap   total 378880K, used 241164K [0x0000000080000000, 0x0000000100000000)
  region size 1024K, 3 young (3072K), 3 survivors (3072K)
 Metaspace       used 126813K, committed 127808K, reserved 1179648K
  class space    used 16771K, committed 17280K, reserved 1048576K
}
Event: 49.543 GC heap before
{Heap before GC invocations=57 (full 0):
 garbage-first heap   total 378880K, used 274956K [0x0000000080000000, 0x0000000100000000)
  region size 1024K, 37 young (37888K), 3 survivors (3072K)
 Metaspace       used 126813K, committed 127808K, reserved 1179648K
  class space    used 16771K, committed 17280K, reserved 1048576K
}

