# JRE version: Java(TM) SE Runtime Environment (17.0.15+9) (build 17.0.15+9-LTS-241)
# Java VM: Java HotSpot(TM) 64-Bit Server VM (17.0.15+9-LTS-241, mixed mode, sharing, tiered, compressed oops, compressed class ptrs, g1 gc, windows-amd64)
GC Precious Log:
 CPUs: 12 total, 12 available
 Memory: 7531M
 Large Page Support: Disabled
 NUMA Support: Disabled
 Compressed Oops: Enabled (32-bit)
 Heap Region Size: 1M
 Heap Min Capacity: 8M
 Heap Initial Capacity: 118M
 Heap Max Capacity: 2G
 Pre-touch: Disabled
 Parallel Workers: 10
 Concurrent Workers: 3
 Concurrent Refinement Workers: 10
 Periodic GC: Disabled
Heap:
 garbage-first heap   total 337920K, used 327526K [0x0000000080000000, 0x0000000100000000)
  region size 1024K, 1 young (1024K), 1 survivors (1024K)
 Metaspace       used 160646K, committed 162432K, reserved 1245184K
  class space    used 21481K, committed 22336K, reserved 1048576K
GC Heap History (20 events):
Event: 5533.387 GC heap after
{Heap after GC invocations=102 (full 1):
 garbage-first heap   total 336896K, used 248551K [0x0000000080000000, 0x0000000100000000)
  region size 1024K, 3 young (3072K), 3 survivors (3072K)
 Metaspace       used 148653K, committed 150464K, reserved 1179648K
  class space    used 20215K, committed 21120K, reserved 1048576K
}
Event: 5562.552 GC heap before
{Heap before GC invocations=102 (full 1):
 garbage-first heap   total 336896K, used 286439K [0x0000000080000000, 0x0000000100000000)
  region size 1024K, 41 young (41984K), 3 survivors (3072K)
 Metaspace       used 148749K, committed 150592K, reserved 1179648K
  class space    used 20218K, committed 21120K, reserved 1048576K
}
Event: 5562.572 GC heap after
{Heap after GC invocations=103 (full 1):
 garbage-first heap   total 336896K, used 247389K [0x0000000080000000, 0x0000000100000000)
  region size 1024K, 2 young (2048K), 2 survivors (2048K)
 Metaspace       used 148749K, committed 150592K, reserved 1179648K
  class space    used 20218K, committed 21120K, reserved 1048576K
}
Event: 5565.405 GC heap before
{Heap before GC invocations=103 (full 1):
 garbage-first heap   total 336896K, used 289373K [0x0000000080000000, 0x0000000100000000)
  region size 1024K, 42 young (43008K), 2 survivors (2048K)
 Metaspace       used 155660K, committed 157504K, reserved 1245184K
  class space    used 21063K, committed 21952K, reserved 1048576K
}
Event: 5565.411 GC heap after
{Heap after GC invocations=104 (full 1):
 garbage-first heap   total 336896K, used 250127K [0x0000000080000000, 0x0000000100000000)
  region size 1024K, 5 young (5120K), 5 survivors (5120K)
 Metaspace       used 155660K, committed 157504K, reserved 1245184K
  class space    used 21063K, committed 21952K, reserved 1048576K
}
Event: 5566.515 GC heap before
{Heap before GC invocations=104 (full 1):
 garbage-first heap   total 336896K, used 290063K [0x0000000080000000, 0x0000000100000000)
  region size 1024K, 42 young (43008K), 5 survivors (5120K)
 Metaspace       used 156846K, committed 158592K, reserved 1245184K
  class space    used 21170K, committed 22016K, reserved 1048576K
}
Event: 5566.536 GC heap after
{Heap after GC invocations=105 (full 1):
 garbage-first heap   total 336896K, used 262452K [0x0000000080000000, 0x0000000100000000)
  region size 1024K, 6 young (6144K), 6 survivors (6144K)
 Metaspace       used 156846K, committed 158592K, reserved 1245184K
  class space    used 21170K, committed 22016K, reserved 1048576K
}
Event: 5567.127 GC heap before
{Heap before GC invocations=105 (full 1):
 garbage-first heap   total 336896K, used 288052K [0x0000000080000000, 0x0000000100000000)
  region size 1024K, 30 young (30720K), 6 survivors (6144K)
 Metaspace       used 160231K, committed 162048K, reserved 1245184K
  class space    used 21437K, committed 22336K, reserved 1048576K
}
Event: 5567.136 GC heap after
{Heap after GC invocations=106 (full 1):
 garbage-first heap   total 336896K, used 267249K [0x0000000080000000, 0x0000000100000000)
  region size 1024K, 4 young (4096K), 4 survivors (4096K)
 Metaspace       used 160231K, committed 162048K, reserved 1245184K
  class space    used 21437K, committed 22336K, reserved 1048576K
}
Event: 5567.233 GC heap before
{Heap before GC invocations=106 (full 1):
 garbage-first heap   total 336896K, used 286705K [0x0000000080000000, 0x0000000100000000)
  region size 1024K, 23 young (23552K), 4 survivors (4096K)
 Metaspace       used 160231K, committed 162048K, reserved 1245184K
  class space    used 21437K, committed 22336K, reserved 1048576K
}
Event: 5567.247 GC heap after
{Heap after GC invocations=107 (full 1):
 garbage-first heap   total 336896K, used 286809K [0x0000000080000000, 0x0000000100000000)
  region size 1024K, 3 young (3072K), 3 survivors (3072K)
 Metaspace       used 160231K, committed 162048K, reserved 1245184K
  class space    used 21437K, committed 22336K, reserved 1048576K
}
Event: 5567.305 GC heap before
{Heap before GC invocations=107 (full 1):
 garbage-first heap   total 336896K, used 299097K [0x0000000080000000, 0x0000000100000000)
  region size 1024K, 16 young (16384K), 3 survivors (3072K)
 Metaspace       used 160234K, committed 162048K, reserved 1245184K
  class space    used 21437K, committed 22336K, reserved 1048576K
}
Event: 5567.333 GC heap after
{Heap after GC invocations=108 (full 1):
 garbage-first heap   total 336896K, used 301263K [0x0000000080000000, 0x0000000100000000)
  region size 1024K, 2 young (2048K), 2 survivors (2048K)
 Metaspace       used 160234K, committed 162048K, reserved 1245184K
  class space    used 21437K, committed 22336K, reserved 1048576K
}
Event: 5567.415 GC heap before
{Heap before GC invocations=108 (full 1):
 garbage-first heap   total 336896K, used 314575K [0x0000000080000000, 0x0000000100000000)
  region size 1024K, 16 young (16384K), 2 survivors (2048K)
 Metaspace       used 160234K, committed 162048K, reserved 1245184K
  class space    used 21437K, committed 22336K, reserved 1048576K
}
Event: 5567.427 GC heap after
{Heap after GC invocations=109 (full 1):
 garbage-first heap   total 337920K, used 316884K [0x0000000080000000, 0x0000000100000000)
  region size 1024K, 2 young (2048K), 2 survivors (2048K)
 Metaspace       used 160234K, committed 162048K, reserved 1245184K
  class space    used 21437K, committed 22336K, reserved 1048576K
}
Event: 5567.517 GC heap before
{Heap before GC invocations=109 (full 1):
 garbage-first heap   total 337920K, used 322004K [0x0000000080000000, 0x0000000100000000)
  region size 1024K, 8 young (8192K), 2 survivors (2048K)
 Metaspace       used 160234K, committed 162048K, reserved 1245184K
  class space    used 21437K, committed 22336K, reserved 1048576K
}
Event: 5567.526 GC heap after
{Heap after GC invocations=110 (full 1):
 garbage-first heap   total 337920K, used 324315K [0x0000000080000000, 0x0000000100000000)
  region size 1024K, 2 young (2048K), 2 survivors (2048K)
 Metaspace       used 160234K, committed 162048K, reserved 1245184K
  class space    used 21437K, committed 22336K, reserved 1048576K
}
Event: 5567.569 GC heap before
{Heap before GC invocations=110 (full 1):
 garbage-first heap   total 337920K, used 326363K [0x0000000080000000, 0x0000000100000000)
  region size 1024K, 4 young (4096K), 2 survivors (2048K)
 Metaspace       used 160436K, committed 162240K, reserved 1245184K
  class space    used 21460K, committed 22336K, reserved 1048576K
}
Event: 5567.574 GC heap after
{Heap after GC invocations=111 (full 1):
 garbage-first heap   total 337920K, used 327351K [0x0000000080000000, 0x0000000100000000)
  region size 1024K, 2 young (2048K), 2 survivors (2048K)
 Metaspace       used 160436K, committed 162240K, reserved 1245184K
  class space    used 21460K, committed 22336K, reserved 1048576K
}
Event: 5567.600 GC heap before
{Heap before GC invocations=111 (full 1):
 garbage-first heap   total 337920K, used 327351K [0x0000000080000000, 0x0000000100000000)
  region size 1024K, 3 young (3072K), 2 survivors (2048K)
 Metaspace       used 160646K, committed 162432K, reserved 1245184K
  class space    used 21481K, committed 22336K, reserved 1048576K
}

